<?xml version="1.0" encoding="UTF-8"?>
<testsuite xmlns:xsi="http://www.w3.org/2001/XMLSchema-instance" xsi:noNamespaceSchemaLocation="https://maven.apache.org/surefire/maven-surefire-plugin/xsd/surefire-test-report.xsd" version="3.0.2" name="Search a tutorial #1" time="67.651" tests="2" errors="0" skipped="0" failures="0">
  <properties>
[...]
</properties>
  <testcase name="User search a tutorial from home page #1" classname="Search a tutorial #1" time="38.422">
    <system-out><![CDATA[
Scenario Outline: User search a tutorial from home page   # src/test/java/features/DataTable..feature:12
  Given user is on home page                              # stepDefinitions.SearchTutorial.user_is_on_home_page()
  When user click on search box and type "python"         # stepDefinitions.SearchTutorial.user_click_on_search_box_and_type(java.lang.String)
  And select "lists" from the recommended search dropdown # stepDefinitions.SearchTutorial.select_from_the_recommended_search_dropdown(java.lang.String)
  Then user should land on "python" "lists" tutorial page # stepDefinitions.SearchTutorial.user_should_land_on_java_tutorial_page(java.lang.String,java.lang.String)
]]></system-out>
  </testcase>
  <testcase name="User search a tutorial from home page #2" classname="Search a tutorial #1" time="29.229">
    <system-out><![CDATA[
Scenario Outline: User search a tutorial from home page    # src/test/java/features/DataTable..feature:13
  Given user is on home page                               # stepDefinitions.SearchTutorial.user_is_on_home_page()
  When user click on search box and type "python"          # stepDefinitions.SearchTutorial.user_click_on_search_box_and_type(java.lang.String)
  And select "arrays" from the recommended search dropdown # stepDefinitions.SearchTutorial.select_from_the_recommended_search_dropdown(java.lang.String)
  Then user should land on "python" "arrays" tutorial page # stepDefinitions.SearchTutorial.user_should_land_on_java_tutorial_page(java.lang.String,java.lang.String)
]]></system-out>
  </testcase>
</testsuite>